2019-05-16 18:11:52,491 INFO  [Log4j] ***************************************************************************************************** 
2019-05-16 18:11:52,492 INFO  [Log4j] XXXXXXXXXXXXXXXXXXXXXXX                  -S-T-A-R-T-                 XXXXXXXXXXXXXXXXXXXXXX 
2019-05-16 18:11:52,492 INFO  [Log4j] XXXXXXXXXXXXXXXXXXXXXXX           HOME PAGE           XXXXXXXXXXXXXXXXXXXXXX 
2019-05-16 18:12:30,814 INFO  [Log4j] Verify that user edit profile  
2019-05-16 18:12:59,755 INFO  [Log4j] User Profile 
2019-05-16 18:13:10,016 INFO  [Log4j] XXXXXXXXXXXXXXXXXXXXXXX                 -E---N---D-                  XXXXXXXXXXXXXXXXXXXXXX 
2019-05-16 18:13:10,016 INFO  [Log4j] ***************************************************************************************************** 
2019-05-16 18:36:20,769 INFO  [Log4j] ***************************************************************************************************** 
2019-05-16 18:36:20,770 INFO  [Log4j] XXXXXXXXXXXXXXXXXXXXXXX                  -S-T-A-R-T-                 XXXXXXXXXXXXXXXXXXXXXX 
2019-05-16 18:36:20,770 INFO  [Log4j] XXXXXXXXXXXXXXXXXXXXXXX           HOME PAGE           XXXXXXXXXXXXXXXXXXXXXX 
2019-05-16 18:36:56,452 INFO  [Log4j] Verify that user edit profile  
2019-05-16 18:37:24,211 INFO  [Log4j] User Profile 
2019-05-16 18:38:09,271 INFO  [Log4j] ***************************************************************************************************** 
2019-05-16 18:38:09,271 INFO  [Log4j] XXXXXXXXXXXXXXXXXXXXXXX                  -S-T-A-R-T-                 XXXXXXXXXXXXXXXXXXXXXX 
2019-05-16 18:38:09,271 INFO  [Log4j] XXXXXXXXXXXXXXXXXXXXXXX           HOME PAGE           XXXXXXXXXXXXXXXXXXXXXX 
2019-05-16 18:38:33,592 INFO  [Log4j] ***************************************************************************************************** 
2019-05-16 18:38:33,592 INFO  [Log4j] XXXXXXXXXXXXXXXXXXXXXXX                  -S-T-A-R-T-                 XXXXXXXXXXXXXXXXXXXXXX 
2019-05-16 18:38:33,592 INFO  [Log4j] XXXXXXXXXXXXXXXXXXXXXXX           HOME PAGE           XXXXXXXXXXXXXXXXXXXXXX 
2019-05-16 18:39:06,397 INFO  [Log4j] Verify that user edit profile  
2019-05-16 18:39:34,583 INFO  [Log4j] User Profile 
2019-05-16 18:39:44,376 INFO  [Log4j] XXXXXXXXXXXXXXXXXXXXXXX                 -E---N---D-                  XXXXXXXXXXXXXXXXXXXXXX 
2019-05-16 18:39:44,376 INFO  [Log4j] ***************************************************************************************************** 
2019-05-16 18:40:24,709 INFO  [Log4j] ***************************************************************************************************** 
2019-05-16 18:40:24,709 INFO  [Log4j] XXXXXXXXXXXXXXXXXXXXXXX                  -S-T-A-R-T-                 XXXXXXXXXXXXXXXXXXXXXX 
2019-05-16 18:40:24,709 INFO  [Log4j] XXXXXXXXXXXXXXXXXXXXXXX           HOME PAGE           XXXXXXXXXXXXXXXXXXXXXX 
2019-05-16 18:41:00,768 INFO  [Log4j] Verify that user edit profile  
2019-05-16 18:41:30,123 INFO  [Log4j] User Profile 
2019-05-16 18:41:39,762 INFO  [Log4j] XXXXXXXXXXXXXXXXXXXXXXX                 -E---N---D-                  XXXXXXXXXXXXXXXXXXXXXX 
2019-05-16 18:41:39,763 INFO  [Log4j] ***************************************************************************************************** 
2019-05-16 18:42:31,283 INFO  [Log4j] ***************************************************************************************************** 
2019-05-16 18:42:31,284 INFO  [Log4j] XXXXXXXXXXXXXXXXXXXXXXX                  -S-T-A-R-T-                 XXXXXXXXXXXXXXXXXXXXXX 
2019-05-16 18:42:31,284 INFO  [Log4j] XXXXXXXXXXXXXXXXXXXXXXX           HOME PAGE           XXXXXXXXXXXXXXXXXXXXXX 
2019-05-16 18:43:28,112 INFO  [Log4j] Verify that user edit profile  
2019-05-16 18:43:56,733 INFO  [Log4j] User Profile 
2019-05-16 18:44:07,633 INFO  [Log4j] XXXXXXXXXXXXXXXXXXXXXXX                 -E---N---D-                  XXXXXXXXXXXXXXXXXXXXXX 
2019-05-16 18:44:07,634 INFO  [Log4j] ***************************************************************************************************** 
2019-05-16 20:37:08,420 INFO  [Log4j] ***************************************************************************************************** 
2019-05-16 20:37:08,420 INFO  [Log4j] XXXXXXXXXXXXXXXXXXXXXXX                  -S-T-A-R-T-                 XXXXXXXXXXXXXXXXXXXXXX 
2019-05-16 20:37:08,420 INFO  [Log4j] XXXXXXXXXXXXXXXXXXXXXXX           HOME PAGE           XXXXXXXXXXXXXXXXXXXXXX 
2019-05-16 20:37:48,458 INFO  [Log4j] Verify that user edit profile  
2019-05-16 20:38:09,128 INFO  [Log4j] XXXXXXXXXXXXXXXXXXXXXXX                 -E---N---D-                  XXXXXXXXXXXXXXXXXXXXXX 
2019-05-16 20:38:09,128 INFO  [Log4j] ***************************************************************************************************** 
2019-05-16 20:39:04,752 INFO  [Log4j] ***************************************************************************************************** 
2019-05-16 20:39:04,752 INFO  [Log4j] XXXXXXXXXXXXXXXXXXXXXXX                  -S-T-A-R-T-                 XXXXXXXXXXXXXXXXXXXXXX 
2019-05-16 20:39:04,752 INFO  [Log4j] XXXXXXXXXXXXXXXXXXXXXXX           HOME PAGE           XXXXXXXXXXXXXXXXXXXXXX 
2019-05-16 20:39:44,544 INFO  [Log4j] Verify that user edit profile  
2019-05-16 20:40:14,984 INFO  [Log4j] User Profile 
2019-05-16 20:40:26,198 INFO  [Log4j] XXXXXXXXXXXXXXXXXXXXXXX                 -E---N---D-                  XXXXXXXXXXXXXXXXXXXXXX 
2019-05-16 20:40:26,199 INFO  [Log4j] ***************************************************************************************************** 
2019-05-17 11:31:50,858 INFO  [Log4j] ***************************************************************************************************** 
2019-05-17 11:31:50,859 INFO  [Log4j] XXXXXXXXXXXXXXXXXXXXXXX                  -S-T-A-R-T-                 XXXXXXXXXXXXXXXXXXXXXX 
2019-05-17 11:31:50,859 INFO  [Log4j] XXXXXXXXXXXXXXXXXXXXXXX           HOME PAGE           XXXXXXXXXXXXXXXXXXXXXX 
2019-05-17 11:32:34,868 INFO  [Log4j] Verify that user edit profile  
2019-05-17 11:33:03,334 INFO  [Log4j] User Profile 
2019-05-17 11:33:17,374 INFO  [Log4j] XXXXXXXXXXXXXXXXXXXXXXX                 -E---N---D-                  XXXXXXXXXXXXXXXXXXXXXX 
2019-05-17 11:33:17,374 INFO  [Log4j] ***************************************************************************************************** 
2019-05-17 12:50:20,935 INFO  [Log4j] ***************************************************************************************************** 
2019-05-17 12:50:20,936 INFO  [Log4j] XXXXXXXXXXXXXXXXXXXXXXX                  -S-T-A-R-T-                 XXXXXXXXXXXXXXXXXXXXXX 
2019-05-17 12:50:20,936 INFO  [Log4j] XXXXXXXXXXXXXXXXXXXXXXX           HOME PAGE           XXXXXXXXXXXXXXXXXXXXXX 
2019-05-17 12:51:00,519 INFO  [Log4j] TEST CASE - 4 : Verify that user able to do log Out from application 
2019-05-17 12:51:00,767 INFO  [Log4j] Verify that user edit profile  
2019-05-17 12:51:00,827 INFO  [Log4j] XXXXXXXXXXXXXXXXXXXXXXX                 -E---N---D-                  XXXXXXXXXXXXXXXXXXXXXX 
2019-05-17 12:51:00,827 INFO  [Log4j] ***************************************************************************************************** 
2019-05-17 12:51:31,364 INFO  [Log4j] ***************************************************************************************************** 
2019-05-17 12:51:31,365 INFO  [Log4j] XXXXXXXXXXXXXXXXXXXXXXX                  -S-T-A-R-T-                 XXXXXXXXXXXXXXXXXXXXXX 
2019-05-17 12:51:31,365 INFO  [Log4j] XXXXXXXXXXXXXXXXXXXXXXX           HOME PAGE           XXXXXXXXXXXXXXXXXXXXXX 
2019-05-17 12:57:03,403 INFO  [Log4j] ***************************************************************************************************** 
2019-05-17 12:57:03,404 INFO  [Log4j] XXXXXXXXXXXXXXXXXXXXXXX                  -S-T-A-R-T-                 XXXXXXXXXXXXXXXXXXXXXX 
2019-05-17 12:57:03,404 INFO  [Log4j] XXXXXXXXXXXXXXXXXXXXXXX           HOME PAGE           XXXXXXXXXXXXXXXXXXXXXX 
2019-05-17 12:57:41,873 INFO  [Log4j] TEST CASE - 4 : Verify that user able to do log Out from application 
2019-05-17 12:58:07,642 INFO  [Log4j] XXXXXXXXXXXXXXXXXXXXXXX                 -E---N---D-                  XXXXXXXXXXXXXXXXXXXXXX 
2019-05-17 12:58:07,642 INFO  [Log4j] ***************************************************************************************************** 
2019-05-17 12:59:42,880 INFO  [Log4j] ***************************************************************************************************** 
2019-05-17 12:59:42,881 INFO  [Log4j] XXXXXXXXXXXXXXXXXXXXXXX                  -S-T-A-R-T-                 XXXXXXXXXXXXXXXXXXXXXX 
2019-05-17 12:59:42,881 INFO  [Log4j] XXXXXXXXXXXXXXXXXXXXXXX           HOME PAGE           XXXXXXXXXXXXXXXXXXXXXX 
2019-05-17 13:00:55,059 INFO  [Log4j] TEST CASE - 4 : Verify that user able to do log Out from application 
2019-05-17 13:12:38,574 INFO  [Log4j] XXXXXXXXXXXXXXXXXXXXXXX                 -E---N---D-                  XXXXXXXXXXXXXXXXXXXXXX 
2019-05-17 13:12:38,575 INFO  [Log4j] ***************************************************************************************************** 
2019-05-17 13:14:25,153 INFO  [Log4j] ***************************************************************************************************** 
2019-05-17 13:14:25,154 INFO  [Log4j] XXXXXXXXXXXXXXXXXXXXXXX                  -S-T-A-R-T-                 XXXXXXXXXXXXXXXXXXXXXX 
2019-05-17 13:14:25,154 INFO  [Log4j] XXXXXXXXXXXXXXXXXXXXXXX           HOME PAGE           XXXXXXXXXXXXXXXXXXXXXX 
2019-05-17 13:15:01,225 INFO  [Log4j] TEST CASE - 4 : Verify that user able to do log Out from application 
2019-05-17 13:15:35,505 INFO  [Log4j] XXXXXXXXXXXXXXXXXXXXXXX                 -E---N---D-                  XXXXXXXXXXXXXXXXXXXXXX 
2019-05-17 13:15:35,506 INFO  [Log4j] ***************************************************************************************************** 
2019-05-17 13:16:47,429 INFO  [Log4j] ***************************************************************************************************** 
2019-05-17 13:16:47,430 INFO  [Log4j] XXXXXXXXXXXXXXXXXXXXXXX                  -S-T-A-R-T-                 XXXXXXXXXXXXXXXXXXXXXX 
2019-05-17 13:16:47,430 INFO  [Log4j] XXXXXXXXXXXXXXXXXXXXXXX           HOME PAGE           XXXXXXXXXXXXXXXXXXXXXX 
2019-05-17 13:17:23,698 INFO  [Log4j] TEST CASE - 4 : Verify that user able to do log Out from application 
2019-05-17 13:17:48,902 INFO  [Log4j] XXXXXXXXXXXXXXXXXXXXXXX                 -E---N---D-                  XXXXXXXXXXXXXXXXXXXXXX 
2019-05-17 13:17:48,903 INFO  [Log4j] ***************************************************************************************************** 
2019-05-17 13:20:56,498 INFO  [Log4j] ***************************************************************************************************** 
2019-05-17 13:20:56,499 INFO  [Log4j] XXXXXXXXXXXXXXXXXXXXXXX                  -S-T-A-R-T-                 XXXXXXXXXXXXXXXXXXXXXX 
2019-05-17 13:20:56,499 INFO  [Log4j] XXXXXXXXXXXXXXXXXXXXXXX           HOME PAGE           XXXXXXXXXXXXXXXXXXXXXX 
2019-05-17 13:21:33,788 INFO  [Log4j] TEST CASE - 4 : Verify that user able to do log Out from application 
2019-05-17 13:21:59,181 INFO  [Log4j] XXXXXXXXXXXXXXXXXXXXXXX                 -E---N---D-                  XXXXXXXXXXXXXXXXXXXXXX 
2019-05-17 13:21:59,181 INFO  [Log4j] ***************************************************************************************************** 
2019-05-17 13:22:54,419 INFO  [Log4j] ***************************************************************************************************** 
2019-05-17 13:22:54,420 INFO  [Log4j] XXXXXXXXXXXXXXXXXXXXXXX                  -S-T-A-R-T-                 XXXXXXXXXXXXXXXXXXXXXX 
2019-05-17 13:22:54,420 INFO  [Log4j] XXXXXXXXXXXXXXXXXXXXXXX           HOME PAGE           XXXXXXXXXXXXXXXXXXXXXX 
2019-05-17 13:23:28,691 INFO  [Log4j] TEST CASE - 4 : Verify that user able to do log Out from application 
2019-05-17 13:26:44,970 INFO  [Log4j] XXXXXXXXXXXXXXXXXXXXXXX                 -E---N---D-                  XXXXXXXXXXXXXXXXXXXXXX 
2019-05-17 13:26:44,970 INFO  [Log4j] ***************************************************************************************************** 
